# JRE version: Java(TM) SE Runtime Environment (24.0.1+9) (build 24.0.1+9-30)
# Java VM: Java HotSpot(TM) 64-Bit Server VM (24.0.1+9-30, mixed mode, sharing, tiered, compressed oops, compressed class ptrs, g1 gc, windows-amd64)
GC Precious Log:
 CardTable entry size: 512
 Card Set container configuration: InlinePtr #cards 5 size 8 Array Of Cards #cards 10 size 36 Howl #buckets 4 coarsen threshold 1843 Howl Bitmap #cards 512 size 80 coarsen threshold 460 Card regions per heap region 1 cards per card region 2048
 CPUs: 12 total, 12 available
 Memory: 7521M
 Large Page Support: Disabled
 NUMA Support: Disabled
 Compressed Oops: Enabled (32-bit)
 Heap Region Size: 1M
 Heap Min Capacity: 512M
 Heap Initial Capacity: 512M
 Heap Max Capacity: 1G
 Pre-touch: Disabled
 Parallel Workers: 10
 Concurrent Workers: 3
 Concurrent Refinement Workers: 10
 Periodic GC: Disabled
Heap:
 garbage-first heap   total reserved 1048576K, committed 524288K, used 117930K [0x00000000c0000000, 0x0000000100000000)
  region size 1024K, 64 young (65536K), 19 survivors (19456K)
 Metaspace       used 143371K, committed 144512K, reserved 1179648K
  class space    used 13494K, committed 14016K, reserved 1048576K
GC Heap History (20 events):
Event: 7746.472 GC heap before
{Heap before GC invocations=50 (full 18):
 garbage-first heap   total reserved 1048576K, committed 524288K, used 364848K [0x00000000c0000000, 0x0000000100000000)
  region size 1024K, 307 young (314368K), 0 survivors (0K)
 Metaspace       used 125762K, committed 126592K, reserved 1179648K
  class space    used 11912K, committed 12288K, reserved 1048576K
}
Event: 7746.501 GC heap after
{Heap after GC invocations=51 (full 18):
 garbage-first heap   total reserved 1048576K, committed 524288K, used 67801K [0x00000000c0000000, 0x0000000100000000)
  region size 1024K, 17 young (17408K), 17 survivors (17408K)
 Metaspace       used 125762K, committed 126592K, reserved 1179648K
  class space    used 11912K, committed 12288K, reserved 1048576K
}
Event: 7748.090 GC heap before
{Heap before GC invocations=51 (full 18):
 garbage-first heap   total reserved 1048576K, committed 524288K, used 85209K [0x00000000c0000000, 0x0000000100000000)
  region size 1024K, 35 young (35840K), 17 survivors (17408K)
 Metaspace       used 125796K, committed 126592K, reserved 1179648K
  class space    used 11914K, committed 12288K, reserved 1048576K
}
Event: 7748.206 GC heap after
{Heap after GC invocations=52 (full 19):
 garbage-first heap   total reserved 1048576K, committed 524288K, used 51947K [0x00000000c0000000, 0x0000000100000000)
  region size 1024K, 0 young (0K), 0 survivors (0K)
 Metaspace       used 125793K, committed 126592K, reserved 1179648K
  class space    used 11913K, committed 12288K, reserved 1048576K
}
Event: 7749.878 GC heap before
{Heap before GC invocations=52 (full 19):
 garbage-first heap   total reserved 1048576K, committed 524288K, used 366315K [0x00000000c0000000, 0x0000000100000000)
  region size 1024K, 307 young (314368K), 0 survivors (0K)
 Metaspace       used 128274K, committed 129088K, reserved 1179648K
  class space    used 12098K, committed 12480K, reserved 1048576K
}
Event: 7749.889 GC heap after
{Heap after GC invocations=53 (full 19):
 garbage-first heap   total reserved 1048576K, committed 524288K, used 69020K [0x00000000c0000000, 0x0000000100000000)
  region size 1024K, 17 young (17408K), 17 survivors (17408K)
 Metaspace       used 128274K, committed 129088K, reserved 1179648K
  class space    used 12098K, committed 12480K, reserved 1048576K
}
Event: 7912.275 GC heap before
{Heap before GC invocations=53 (full 19):
 garbage-first heap   total reserved 1048576K, committed 524288K, used 117148K [0x00000000c0000000, 0x0000000100000000)
  region size 1024K, 65 young (66560K), 17 survivors (17408K)
 Metaspace       used 128314K, committed 129088K, reserved 1179648K
  class space    used 12101K, committed 12480K, reserved 1048576K
}
Event: 7913.218 GC heap after
{Heap after GC invocations=54 (full 20):
 garbage-first heap   total reserved 1048576K, committed 524288K, used 53418K [0x00000000c0000000, 0x0000000100000000)
  region size 1024K, 0 young (0K), 0 survivors (0K)
 Metaspace       used 128312K, committed 129088K, reserved 1179648K
  class space    used 12101K, committed 12480K, reserved 1048576K
}
Event: 7918.265 GC heap before
{Heap before GC invocations=54 (full 20):
 garbage-first heap   total reserved 1048576K, committed 524288K, used 367786K [0x00000000c0000000, 0x0000000100000000)
  region size 1024K, 307 young (314368K), 0 survivors (0K)
 Metaspace       used 131039K, committed 131904K, reserved 1179648K
  class space    used 12291K, committed 12672K, reserved 1048576K
}
Event: 7918.287 GC heap after
{Heap after GC invocations=55 (full 20):
 garbage-first heap   total reserved 1048576K, committed 524288K, used 70626K [0x00000000c0000000, 0x0000000100000000)
  region size 1024K, 17 young (17408K), 17 survivors (17408K)
 Metaspace       used 131039K, committed 131904K, reserved 1179648K
  class space    used 12291K, committed 12672K, reserved 1048576K
}
Event: 9281.396 GC heap before
{Heap before GC invocations=55 (full 20):
 garbage-first heap   total reserved 1048576K, committed 524288K, used 367586K [0x00000000c0000000, 0x0000000100000000)
  region size 1024K, 307 young (314368K), 17 survivors (17408K)
 Metaspace       used 131068K, committed 131904K, reserved 1179648K
  class space    used 12292K, committed 12672K, reserved 1048576K
}
Event: 9281.461 GC heap after
{Heap after GC invocations=56 (full 20):
 garbage-first heap   total reserved 1048576K, committed 524288K, used 68778K [0x00000000c0000000, 0x0000000100000000)
  region size 1024K, 15 young (15360K), 15 survivors (15360K)
 Metaspace       used 131068K, committed 131904K, reserved 1179648K
  class space    used 12292K, committed 12672K, reserved 1048576K
}
Event: 10295.951 GC heap before
{Heap before GC invocations=56 (full 20):
 garbage-first heap   total reserved 1048576K, committed 524288K, used 367786K [0x00000000c0000000, 0x0000000100000000)
  region size 1024K, 307 young (314368K), 15 survivors (15360K)
 Metaspace       used 142859K, committed 143872K, reserved 1179648K
  class space    used 13439K, committed 13888K, reserved 1048576K
}
Event: 10296.096 GC heap after
{Heap after GC invocations=57 (full 20):
 garbage-first heap   total reserved 1048576K, committed 524288K, used 73671K [0x00000000c0000000, 0x0000000100000000)
  region size 1024K, 20 young (20480K), 20 survivors (20480K)
 Metaspace       used 142859K, committed 143872K, reserved 1179648K
  class space    used 13439K, committed 13888K, reserved 1048576K
}
Event: 11688.285 GC heap before
{Heap before GC invocations=57 (full 20):
 garbage-first heap   total reserved 1048576K, committed 524288K, used 367559K [0x00000000c0000000, 0x0000000100000000)
  region size 1024K, 307 young (314368K), 20 survivors (20480K)
 Metaspace       used 142884K, committed 143872K, reserved 1179648K
  class space    used 13439K, committed 13888K, reserved 1048576K
}
Event: 11688.347 GC heap after
{Heap after GC invocations=58 (full 20):
 garbage-first heap   total reserved 1048576K, committed 524288K, used 72538K [0x00000000c0000000, 0x0000000100000000)
  region size 1024K, 19 young (19456K), 19 survivors (19456K)
 Metaspace       used 142884K, committed 143872K, reserved 1179648K
  class space    used 13439K, committed 13888K, reserved 1048576K
}
Event: 28575.961 GC heap before
{Heap before GC invocations=58 (full 20):
 garbage-first heap   total reserved 1048576K, committed 524288K, used 366426K [0x00000000c0000000, 0x0000000100000000)
  region size 1024K, 307 young (314368K), 19 survivors (19456K)
 Metaspace       used 143357K, committed 144448K, reserved 1179648K
  class space    used 13494K, committed 14016K, reserved 1048576K
}
Event: 28576.062 GC heap after
{Heap after GC invocations=59 (full 20):
 garbage-first heap   total reserved 1048576K, committed 524288K, used 73560K [0x00000000c0000000, 0x0000000100000000)
  region size 1024K, 20 young (20480K), 20 survivors (20480K)
 Metaspace       used 143357K, committed 144448K, reserved 1179648K
  class space    used 13494K, committed 14016K, reserved 1048576K
}
Event: 30048.590 GC heap before
{Heap before GC invocations=59 (full 20):
 garbage-first heap   total reserved 1048576K, committed 524288K, used 367448K [0x00000000c0000000, 0x0000000100000000)
  region size 1024K, 307 young (314368K), 20 survivors (20480K)
 Metaspace       used 143361K, committed 144448K, reserved 1179648K
  class space    used 13494K, committed 14016K, reserved 1048576K
}
Event: 30048.716 GC heap after
{Heap after GC invocations=60 (full 20):
 garbage-first heap   total reserved 1048576K, committed 524288K, used 72874K [0x00000000c0000000, 0x0000000100000000)
  region size 1024K, 19 young (19456K), 19 survivors (19456K)
 Metaspace       used 143361K, committed 144448K, reserved 1179648K
  class space    used 13494K, committed 14016K, reserved 1048576K
}

